\BOOKMARK [0][-]{section*.2}{\376\377\000A\000b\000s\000t\000r\000a\000c\000t}{}% 1
\BOOKMARK [0][-]{chapter*.4}{\376\377\000L\000i\000s\000t\000\040\000o\000f\000\040\000F\000i\000g\000u\000r\000e\000s}{}% 2
\BOOKMARK [0][-]{chapter*.5}{\376\377\000L\000i\000s\000t\000\040\000o\000f\000\040\000S\000y\000m\000b\000o\000l\000s}{}% 3
\BOOKMARK [0][-]{chapter.7}{\376\377\000I\000n\000t\000r\000o\000d\000u\000c\000t\000i\000o\000n}{}% 4
\BOOKMARK [1][-]{section.8}{\376\377\000P\000r\000o\000j\000e\000c\000t\000\040\000M\000o\000t\000i\000v\000a\000t\000i\000o\000n}{chapter.7}% 5
\BOOKMARK [1][-]{section.9}{\376\377\000R\000e\000s\000e\000a\000r\000c\000h\000\040\000A\000i\000m\000s\000\040\000\046\000\040\000O\000b\000j\000e\000c\000t\000i\000v\000e\000s}{chapter.7}% 6
\BOOKMARK [1][-]{section.10}{\376\377\000R\000e\000p\000o\000r\000t\000\040\000S\000t\000r\000u\000c\000t\000u\000r\000e}{chapter.7}% 7
\BOOKMARK [0][-]{chapter.11}{\376\377\000T\000u\000r\000b\000u\000l\000e\000n\000c\000e\000\040\000M\000o\000d\000e\000l\000l\000i\000n\000g}{}% 8
\BOOKMARK [1][-]{section.12}{\376\377\000V\000i\000s\000c\000o\000s\000i\000t\000y\000-\000B\000a\000s\000e\000d\000\040\000M\000o\000d\000e\000l\000s}{chapter.11}% 9
\BOOKMARK [2][-]{subsection.17}{\376\377\000E\000d\000d\000y\000\040\000V\000i\000s\000c\000o\000s\000i\000t\000y\000\040\000M\000o\000d\000e\000l}{section.12}% 10
\BOOKMARK [2][-]{subsection.22}{\376\377\000G\000e\000n\000e\000r\000a\000l\000i\000z\000e\000d\000\040\000L\000a\000n\000g\000e\000v\000i\000n\000\040\000M\000o\000d\000e\000l}{section.12}% 11
\BOOKMARK [2][-]{subsection.30}{\376\377\000m\000S\000P\000H}{section.12}% 12
\BOOKMARK [1][-]{section.40}{\376\377\000L\000a\000r\000g\000e\000\040\000E\000d\000d\000y\000\040\000S\000i\000m\000u\000l\000a\000t\000i\000o\000n\000-\000b\000a\000s\000e\000d\000\040\000M\000o\000d\000e\000l\000s}{chapter.11}% 13
\BOOKMARK [2][-]{subsection.41}{\376\377\000I\000m\000p\000l\000i\000c\000i\000t\000\040\000P\000r\000e\000s\000s\000u\000r\000e\000\040\000P\000o\000i\000s\000s\000o\000n\000-\000b\000a\000s\000e\000d\000\040\000M\000o\000d\000e\000l\000s}{section.40}% 14
\BOOKMARK [2][-]{subsection.67}{\376\377\000E\000x\000p\000l\000i\000c\000i\000t\000\040\000P\000r\000e\000s\000s\000u\000r\000e\000\040\000E\000q\000u\000a\000t\000i\000o\000n\000\040\000o\000f\000\040\000S\000t\000a\000t\000e\000-\000b\000a\000s\000e\000d\000\040\000M\000o\000d\000e\000l\000s}{section.40}% 15
\BOOKMARK [3][-]{section*.68}{\376\377\000S\000t\000a\000n\000d\000a\000r\000d\000\040\000S\000m\000a\000g\000o\000r\000i\000n\000s\000k\000y\000\040\000M\000o\000d\000e\000l}{subsection.67}% 16
\BOOKMARK [3][-]{section*.78}{\376\377\000M\000o\000d\000i\000f\000i\000e\000d\000\040\000S\000m\000a\000g\000o\000r\000i\000n\000s\000k\000y\000\040\000M\000o\000d\000e\000l}{subsection.67}% 17
\BOOKMARK [1][-]{section.98}{\376\377\000L\000a\000g\000r\000a\000n\000g\000i\000a\000n\000\040\000L\000E\000S\000-\000b\000a\000s\000e\000d\000\040\000M\000o\000d\000e\000l\000s}{chapter.11}% 18
\BOOKMARK [2][-]{subsection.133}{\376\377\000E\000x\000t\000e\000n\000s\000i\000o\000n\000\040\000t\000o\000\040\000E\000D\000A\000C\000-\000S\000P\000H\000\040\000S\000c\000h\000e\000m\000e}{section.98}% 19
\BOOKMARK [1][-]{section.136}{\376\377\000R\000A\000N\000S\000-\000b\000a\000s\000e\000d\000\040\000k\000-\000\040\000M\000o\000d\000e\000l\000s}{chapter.11}% 20
\BOOKMARK [1][-]{section.156}{\376\377\000L\000A\000N\000S\000-\000b\000a\000s\000e\000d\000\040\000M\000o\000d\000e\000l\000s}{chapter.11}% 21
\BOOKMARK [1][-]{section.166}{\376\377\000M\000i\000s\000c\000e\000l\000l\000a\000n\000e\000o\000u\000s\000\040\000M\000o\000d\000e\000l\000s}{chapter.11}% 22
\BOOKMARK [0][-]{chapter.173}{\376\377\000T\000u\000r\000b\000u\000l\000e\000n\000c\000e\000\040\000A\000n\000a\000l\000y\000s\000i\000s}{}% 23
\BOOKMARK [1][-]{section.174}{\376\377\000B\000e\000n\000c\000h\000m\000a\000r\000k\000\040\000P\000r\000o\000b\000l\000e\000m\000s}{chapter.173}% 24
\BOOKMARK [2][-]{subsection.175}{\376\377\000T\000a\000y\000l\000o\000r\000-\000G\000r\000e\000e\000n\000\040\000V\000o\000r\000t\000e\000x\000\040\000P\000r\000o\000b\000l\000e\000m}{section.174}% 25
\BOOKMARK [2][-]{subsection.184}{\376\377\000T\000h\000i\000n\000\040\000D\000o\000u\000b\000l\000e\000-\000S\000h\000e\000a\000r\000\040\000L\000a\000y\000e\000r}{section.174}% 26
\BOOKMARK [2][-]{subsection.187}{\376\377\0003\000D\000\040\000I\000s\000o\000t\000r\000o\000p\000i\000c\000\040\000T\000u\000r\000b\000u\000l\000e\000n\000c\000e}{section.174}% 27
\BOOKMARK [2][-]{subsection.188}{\376\377\0002\000D\000\040\000C\000o\000n\000f\000i\000n\000e\000d\000\040\000\046\000\040\000D\000r\000i\000v\000e\000n\000\040\000T\000u\000r\000b\000u\000l\000e\000n\000c\000e}{section.174}% 28
\BOOKMARK [2][-]{subsection.191}{\376\377\000F\000r\000e\000e\000\040\000S\000u\000r\000f\000a\000c\000e\000\040\000F\000l\000o\000w\000s}{section.174}% 29
\BOOKMARK [1][-]{section.192}{\376\377\000P\000o\000s\000t\000-\000S\000i\000m\000u\000l\000a\000t\000i\000o\000n\000\040\000A\000n\000a\000l\000y\000s\000i\000s}{chapter.173}% 30
\BOOKMARK [2][-]{subsection.193}{\376\377\000E\000n\000e\000r\000g\000y\000\040\000S\000p\000e\000c\000t\000r\000a\000l\000\040\000D\000e\000n\000s\000i\000t\000y}{section.192}% 31
\BOOKMARK [2][-]{subsection.199}{\376\377\000L\000a\000g\000r\000a\000n\000g\000i\000a\000n\000\040\000C\000o\000h\000e\000r\000e\000n\000t\000\040\000S\000t\000r\000u\000c\000t\000u\000r\000e\000s}{section.192}% 32
\BOOKMARK [0][-]{chapter.201}{\376\377\000C\000o\000n\000c\000l\000u\000s\000i\000o\000n\000\040\000\046\000\040\000F\000u\000t\000u\000r\000e\000\040\000W\000o\000r\000k}{}% 33
\BOOKMARK [0][-]{appendix.202}{\376\377\000L\000a\000g\000r\000a\000n\000g\000i\000a\000n\000\040\000L\000E\000S\000\040\000F\000i\000l\000t\000e\000r\000i\000n\000g\000\040\000o\000f\000\040\000E\000D\000A\000C}{}% 34
\BOOKMARK [0][-]{appendix*.215}{\376\377\000B\000i\000b\000l\000i\000o\000g\000r\000a\000p\000h\000y}{}% 35
